{"D:\\github\\fuck-debugger\\src\\color.js": {"path":"D:\\github\\fuck-debugger\\src\\color.js","statementMap":{"0":{"start":{"line":2,"column":14},"end":{"line":10,"column":1}},"1":{"start":{"line":13,"column":4},"end":{"line":13,"column":47}},"2":{"start":{"line":16,"column":0},"end":{"line":29,"column":2}},"3":{"start":{"line":18,"column":8},"end":{"line":18,"column":35}},"4":{"start":{"line":21,"column":8},"end":{"line":21,"column":34}},"5":{"start":{"line":24,"column":8},"end":{"line":24,"column":36}},"6":{"start":{"line":27,"column":8},"end":{"line":27,"column":33}}},"fnMap":{"0":{"name":"logger","decl":{"start":{"line":12,"column":9},"end":{"line":12,"column":15}},"loc":{"start":{"line":12,"column":28},"end":{"line":14,"column":1}},"line":12}},"branchMap":{},"s":{"0":1,"1":35,"2":1,"3":7,"4":25,"5":2,"6":1},"f":{"0":35},"b":{},"_coverageSchema":"332fd63041d2c1bcb487cc26dd0d5f7d97098a6c","hash":"eae1d0dd3d7be6fc123862b4b53392ea16a0b70d"}
,"D:\\github\\fuck-debugger\\src\\index.js": {"path":"D:\\github\\fuck-debugger\\src\\index.js","statementMap":{"0":{"start":{"line":1,"column":13},"end":{"line":1,"column":28}},"1":{"start":{"line":2,"column":11},"end":{"line":2,"column":24}},"2":{"start":{"line":3,"column":13},"end":{"line":3,"column":28}},"3":{"start":{"line":4,"column":14},"end":{"line":4,"column":32}},"4":{"start":{"line":8,"column":8},"end":{"line":11,"column":9}},"5":{"start":{"line":9,"column":12},"end":{"line":9,"column":55}},"6":{"start":{"line":10,"column":12},"end":{"line":10,"column":57}},"7":{"start":{"line":12,"column":8},"end":{"line":12,"column":73}},"8":{"start":{"line":12,"column":28},"end":{"line":12,"column":73}},"9":{"start":{"line":13,"column":26},"end":{"line":15,"column":9}},"10":{"start":{"line":16,"column":8},"end":{"line":16,"column":62}},"11":{"start":{"line":18,"column":8},"end":{"line":18,"column":86}},"12":{"start":{"line":21,"column":8},"end":{"line":21,"column":44}},"13":{"start":{"line":24,"column":21},"end":{"line":24,"column":37}},"14":{"start":{"line":25,"column":20},"end":{"line":25,"column":22}},"15":{"start":{"line":26,"column":24},"end":{"line":26,"column":25}},"16":{"start":{"line":27,"column":22},"end":{"line":27,"column":23}},"17":{"start":{"line":29,"column":8},"end":{"line":42,"column":11}},"18":{"start":{"line":30,"column":12},"end":{"line":30,"column":37}},"19":{"start":{"line":31,"column":12},"end":{"line":31,"column":42}},"20":{"start":{"line":32,"column":27},"end":{"line":32,"column":36}},"21":{"start":{"line":33,"column":27},"end":{"line":33,"column":52}},"22":{"start":{"line":34,"column":26},"end":{"line":34,"column":57}},"23":{"start":{"line":35,"column":26},"end":{"line":35,"column":59}},"24":{"start":{"line":36,"column":12},"end":{"line":40,"column":15}},"25":{"start":{"line":41,"column":12},"end":{"line":41,"column":19}},"26":{"start":{"line":43,"column":8},"end":{"line":67,"column":11}},"27":{"start":{"line":44,"column":12},"end":{"line":44,"column":40}},"28":{"start":{"line":45,"column":12},"end":{"line":66,"column":15}},"29":{"start":{"line":46,"column":16},"end":{"line":65,"column":19}},"30":{"start":{"line":47,"column":20},"end":{"line":47,"column":57}},"31":{"start":{"line":47,"column":31},"end":{"line":47,"column":55}},"32":{"start":{"line":48,"column":20},"end":{"line":51,"column":21}},"33":{"start":{"line":49,"column":24},"end":{"line":49,"column":56}},"34":{"start":{"line":50,"column":24},"end":{"line":50,"column":31}},"35":{"start":{"line":52,"column":34},"end":{"line":52,"column":50}},"36":{"start":{"line":53,"column":35},"end":{"line":53,"column":51}},"37":{"start":{"line":54,"column":20},"end":{"line":58,"column":21}},"38":{"start":{"line":55,"column":24},"end":{"line":55,"column":58}},"39":{"start":{"line":57,"column":24},"end":{"line":57,"column":60}},"40":{"start":{"line":59,"column":20},"end":{"line":64,"column":23}},"41":{"start":{"line":60,"column":24},"end":{"line":63,"column":25}},"42":{"start":{"line":61,"column":28},"end":{"line":61,"column":56}},"43":{"start":{"line":62,"column":28},"end":{"line":62,"column":85}},"44":{"start":{"line":70,"column":18},"end":{"line":70,"column":35}},"45":{"start":{"line":71,"column":25},"end":{"line":71,"column":53}},"46":{"start":{"line":72,"column":8},"end":{"line":72,"column":59}},"47":{"start":{"line":73,"column":8},"end":{"line":73,"column":19}},"48":{"start":{"line":76,"column":18},"end":{"line":76,"column":62}},"49":{"start":{"line":77,"column":8},"end":{"line":79,"column":11}},"50":{"start":{"line":78,"column":12},"end":{"line":78,"column":36}},"51":{"start":{"line":80,"column":8},"end":{"line":80,"column":19}},"52":{"start":{"line":83,"column":8},"end":{"line":83,"column":26}},"53":{"start":{"line":87,"column":0},"end":{"line":87,"column":30}}},"fnMap":{"0":{"name":"(anonymous_0)","decl":{"start":{"line":7,"column":4},"end":{"line":7,"column":5}},"loc":{"start":{"line":7,"column":25},"end":{"line":19,"column":5}},"line":7},"1":{"name":"(anonymous_1)","decl":{"start":{"line":20,"column":4},"end":{"line":20,"column":5}},"loc":{"start":{"line":20,"column":13},"end":{"line":22,"column":5}},"line":20},"2":{"name":"(anonymous_2)","decl":{"start":{"line":23,"column":4},"end":{"line":23,"column":5}},"loc":{"start":{"line":23,"column":23},"end":{"line":68,"column":5}},"line":23},"3":{"name":"(anonymous_3)","decl":{"start":{"line":29,"column":26},"end":{"line":29,"column":27}},"loc":{"start":{"line":29,"column":48},"end":{"line":42,"column":9}},"line":29},"4":{"name":"(anonymous_4)","decl":{"start":{"line":43,"column":25},"end":{"line":43,"column":26}},"loc":{"start":{"line":43,"column":31},"end":{"line":67,"column":9}},"line":43},"5":{"name":"(anonymous_5)","decl":{"start":{"line":45,"column":22},"end":{"line":45,"column":23}},"loc":{"start":{"line":45,"column":34},"end":{"line":66,"column":13}},"line":45},"6":{"name":"(anonymous_6)","decl":{"start":{"line":46,"column":66},"end":{"line":46,"column":67}},"loc":{"start":{"line":46,"column":81},"end":{"line":65,"column":17}},"line":46},"7":{"name":"(anonymous_7)","decl":{"start":{"line":59,"column":63},"end":{"line":59,"column":64}},"loc":{"start":{"line":59,"column":72},"end":{"line":64,"column":21}},"line":59},"8":{"name":"(anonymous_8)","decl":{"start":{"line":69,"column":4},"end":{"line":69,"column":5}},"loc":{"start":{"line":69,"column":16},"end":{"line":74,"column":5}},"line":69},"9":{"name":"(anonymous_9)","decl":{"start":{"line":75,"column":4},"end":{"line":75,"column":5}},"loc":{"start":{"line":75,"column":18},"end":{"line":81,"column":5}},"line":75},"10":{"name":"(anonymous_10)","decl":{"start":{"line":77,"column":31},"end":{"line":77,"column":32}},"loc":{"start":{"line":77,"column":40},"end":{"line":79,"column":9}},"line":77},"11":{"name":"(anonymous_11)","decl":{"start":{"line":82,"column":4},"end":{"line":82,"column":5}},"loc":{"start":{"line":82,"column":17},"end":{"line":84,"column":5}},"line":82}},"branchMap":{"0":{"loc":{"start":{"line":8,"column":8},"end":{"line":11,"column":9}},"type":"if","locations":[{"start":{"line":8,"column":8},"end":{"line":11,"column":9}},{"start":{"line":8,"column":8},"end":{"line":11,"column":9}}],"line":8},"1":{"loc":{"start":{"line":12,"column":8},"end":{"line":12,"column":73}},"type":"if","locations":[{"start":{"line":12,"column":8},"end":{"line":12,"column":73}},{"start":{"line":12,"column":8},"end":{"line":12,"column":73}}],"line":12},"2":{"loc":{"start":{"line":18,"column":8},"end":{"line":18,"column":85}},"type":"cond-expr","locations":[{"start":{"line":18,"column":46},"end":{"line":18,"column":81}},{"start":{"line":18,"column":84},"end":{"line":18,"column":85}}],"line":18},"3":{"loc":{"start":{"line":36,"column":12},"end":{"line":40,"column":14}},"type":"binary-expr","locations":[{"start":{"line":36,"column":12},"end":{"line":36,"column":19}},{"start":{"line":36,"column":23},"end":{"line":40,"column":14}}],"line":36},"4":{"loc":{"start":{"line":47,"column":20},"end":{"line":47,"column":57}},"type":"if","locations":[{"start":{"line":47,"column":20},"end":{"line":47,"column":57}},{"start":{"line":47,"column":20},"end":{"line":47,"column":57}}],"line":47},"5":{"loc":{"start":{"line":48,"column":20},"end":{"line":51,"column":21}},"type":"if","locations":[{"start":{"line":48,"column":20},"end":{"line":51,"column":21}},{"start":{"line":48,"column":20},"end":{"line":51,"column":21}}],"line":48},"6":{"loc":{"start":{"line":54,"column":20},"end":{"line":58,"column":21}},"type":"if","locations":[{"start":{"line":54,"column":20},"end":{"line":58,"column":21}},{"start":{"line":54,"column":20},"end":{"line":58,"column":21}}],"line":54},"7":{"loc":{"start":{"line":60,"column":24},"end":{"line":63,"column":25}},"type":"if","locations":[{"start":{"line":60,"column":24},"end":{"line":63,"column":25}},{"start":{"line":60,"column":24},"end":{"line":63,"column":25}}],"line":60}},"s":{"0":1,"1":1,"2":1,"3":1,"4":7,"5":1,"6":1,"7":6,"8":1,"9":5,"10":5,"11":5,"12":5,"13":5,"14":5,"15":5,"16":5,"17":5,"18":20,"19":20,"20":20,"21":20,"22":20,"23":20,"24":20,"25":20,"26":5,"27":5,"28":5,"29":9,"30":9,"31":0,"32":9,"33":2,"34":2,"35":7,"36":7,"37":7,"38":2,"39":5,"40":7,"41":7,"42":7,"43":7,"44":7,"45":7,"46":7,"47":7,"48":5,"49":5,"50":5,"51":5,"52":27,"53":1},"f":{"0":7,"1":5,"2":5,"3":20,"4":5,"5":9,"6":9,"7":7,"8":7,"9":5,"10":5,"11":27},"b":{"0":[1,6],"1":[1,5],"2":[4,1],"3":[20,9],"4":[0,9],"5":[2,7],"6":[2,5],"7":[7,0]},"_coverageSchema":"332fd63041d2c1bcb487cc26dd0d5f7d97098a6c","hash":"c1a98eb9bba300d71fc866b057f5ec47d5bb0dd7"}
}
