TN:
SF:D:\github\fuck-debugger\src\color.js
FN:12,logger
FNF:1
FNH:1
FNDA:35,logger
DA:2,1
DA:13,35
DA:16,1
DA:18,7
DA:21,25
DA:24,2
DA:27,1
LF:7
LH:7
BRF:0
BRH:0
end_of_record
TN:
SF:D:\github\fuck-debugger\src\index.js
FN:7,(anonymous_0)
FN:20,(anonymous_1)
FN:23,(anonymous_2)
FN:29,(anonymous_3)
FN:43,(anonymous_4)
FN:45,(anonymous_5)
FN:46,(anonymous_6)
FN:59,(anonymous_7)
FN:69,(anonymous_8)
FN:75,(anonymous_9)
FN:77,(anonymous_10)
FN:82,(anonymous_11)
FNF:12
FNH:12
FNDA:7,(anonymous_0)
FNDA:5,(anonymous_1)
FNDA:5,(anonymous_2)
FNDA:20,(anonymous_3)
FNDA:5,(anonymous_4)
FNDA:9,(anonymous_5)
FNDA:9,(anonymous_6)
FNDA:7,(anonymous_7)
FNDA:7,(anonymous_8)
FNDA:5,(anonymous_9)
FNDA:5,(anonymous_10)
FNDA:27,(anonymous_11)
DA:1,1
DA:2,1
DA:3,1
DA:4,1
DA:8,7
DA:9,1
DA:10,1
DA:12,6
DA:13,5
DA:16,5
DA:18,5
DA:21,5
DA:24,5
DA:25,5
DA:26,5
DA:27,5
DA:29,5
DA:30,20
DA:31,20
DA:32,20
DA:33,20
DA:34,20
DA:35,20
DA:36,20
DA:41,20
DA:43,5
DA:44,5
DA:45,5
DA:46,9
DA:47,9
DA:48,9
DA:49,2
DA:50,2
DA:52,7
DA:53,7
DA:54,7
DA:55,2
DA:57,5
DA:59,7
DA:60,7
DA:61,7
DA:62,7
DA:70,7
DA:71,7
DA:72,7
DA:73,7
DA:76,5
DA:77,5
DA:78,5
DA:80,5
DA:83,27
DA:87,1
LF:52
LH:52
BRDA:8,0,0,1
BRDA:8,0,1,6
BRDA:12,1,0,1
BRDA:12,1,1,5
BRDA:18,2,0,4
BRDA:18,2,1,1
BRDA:36,3,0,20
BRDA:36,3,1,9
BRDA:47,4,0,0
BRDA:47,4,1,9
BRDA:48,5,0,2
BRDA:48,5,1,7
BRDA:54,6,0,2
BRDA:54,6,1,5
BRDA:60,7,0,7
BRDA:60,7,1,0
BRF:16
BRH:14
end_of_record
